{"C:\\Users\\Dioni\\OneDrive\\Desktop\\coding-factory5\\chapter20\\app1\\app.js": {"path":"C:\\Users\\Dioni\\OneDrive\\Desktop\\coding-factory5\\chapter20\\app1\\app.js","statementMap":{"0":{"start":{"line":1,"column":16},"end":{"line":1,"column":34}},"1":{"start":{"line":2,"column":12},"end":{"line":2,"column":21}},"2":{"start":{"line":4,"column":17},"end":{"line":4,"column":36}},"3":{"start":{"line":6,"column":0},"end":{"line":6,"column":27}},"4":{"start":{"line":7,"column":0},"end":{"line":7,"column":23}},"5":{"start":{"line":9,"column":18},"end":{"line":9,"column":47}},"6":{"start":{"line":10,"column":24},"end":{"line":10,"column":44}},"7":{"start":{"line":12,"column":0},"end":{"line":15,"column":2}},"8":{"start":{"line":13,"column":11},"end":{"line":13,"column":59}},"9":{"start":{"line":14,"column":12},"end":{"line":14,"column":60}},"10":{"start":{"line":17,"column":13},"end":{"line":17,"column":28}},"11":{"start":{"line":18,"column":0},"end":{"line":20,"column":3}},"12":{"start":{"line":21,"column":13},"end":{"line":21,"column":43}},"13":{"start":{"line":22,"column":20},"end":{"line":22,"column":53}},"14":{"start":{"line":24,"column":0},"end":{"line":24,"column":38}},"15":{"start":{"line":25,"column":0},"end":{"line":25,"column":28}},"16":{"start":{"line":26,"column":0},"end":{"line":26,"column":43}},"17":{"start":{"line":28,"column":0},"end":{"line":28,"column":80}},"18":{"start":{"line":34,"column":0},"end":{"line":34,"column":21}}},"fnMap":{"0":{"name":"(anonymous_0)","decl":{"start":{"line":13,"column":4},"end":{"line":13,"column":5}},"loc":{"start":{"line":13,"column":10},"end":{"line":13,"column":60}},"line":13},"1":{"name":"(anonymous_1)","decl":{"start":{"line":14,"column":4},"end":{"line":14,"column":5}},"loc":{"start":{"line":14,"column":11},"end":{"line":14,"column":61}},"line":14}},"branchMap":{},"s":{"0":1,"1":1,"2":1,"3":1,"4":1,"5":1,"6":1,"7":1,"8":1,"9":0,"10":1,"11":1,"12":1,"13":1,"14":1,"15":1,"16":1,"17":1,"18":1},"f":{"0":1,"1":0},"b":{},"_coverageSchema":"1a1c01bbd47fc00a2c39e90264f33305004495a9","hash":"54d392198ca2f99cb45a7ca8fbc7924b7ed7fc4e"}
,"C:\\Users\\Dioni\\OneDrive\\Desktop\\coding-factory5\\chapter20\\app1\\swagger.js": {"path":"C:\\Users\\Dioni\\OneDrive\\Desktop\\coding-factory5\\chapter20\\app1\\swagger.js","statementMap":{"0":{"start":{"line":1,"column":12},"end":{"line":1,"column":42}},"1":{"start":{"line":2,"column":13},"end":{"line":2,"column":43}},"2":{"start":{"line":3,"column":16},"end":{"line":3,"column":49}},"3":{"start":{"line":5,"column":0},"end":{"line":209,"column":1}}},"fnMap":{},"branchMap":{},"s":{"0":1,"1":1,"2":1,"3":1},"f":{},"b":{},"_coverageSchema":"1a1c01bbd47fc00a2c39e90264f33305004495a9","hash":"de098726b6738778a031480e8970a921893dc99f"}
,"C:\\Users\\Dioni\\OneDrive\\Desktop\\coding-factory5\\chapter20\\app1\\controllers\\user.controller.js": {"path":"C:\\Users\\Dioni\\OneDrive\\Desktop\\coding-factory5\\chapter20\\app1\\controllers\\user.controller.js","statementMap":{"0":{"start":{"line":1,"column":14},"end":{"line":1,"column":45}},"1":{"start":{"line":2,"column":15},"end":{"line":2,"column":42}},"2":{"start":{"line":4,"column":0},"end":{"line":15,"column":1}},"3":{"start":{"line":5,"column":4},"end":{"line":5,"column":40}},"4":{"start":{"line":6,"column":4},"end":{"line":14,"column":5}},"5":{"start":{"line":7,"column":23},"end":{"line":7,"column":40}},"6":{"start":{"line":8,"column":4},"end":{"line":8,"column":54}},"7":{"start":{"line":9,"column":4},"end":{"line":9,"column":49}},"8":{"start":{"line":10,"column":4},"end":{"line":10,"column":48}},"9":{"start":{"line":12,"column":8},"end":{"line":12,"column":51}},"10":{"start":{"line":13,"column":8},"end":{"line":13,"column":25}},"11":{"start":{"line":17,"column":0},"end":{"line":31,"column":1}},"12":{"start":{"line":18,"column":4},"end":{"line":18,"column":40}},"13":{"start":{"line":20,"column":21},"end":{"line":20,"column":40}},"14":{"start":{"line":21,"column":4},"end":{"line":30,"column":5}},"15":{"start":{"line":22,"column":23},"end":{"line":22,"column":63}},"16":{"start":{"line":23,"column":8},"end":{"line":23,"column":45}},"17":{"start":{"line":24,"column":8},"end":{"line":24,"column":52}},"18":{"start":{"line":25,"column":8},"end":{"line":25,"column":51}},"19":{"start":{"line":27,"column":8},"end":{"line":27,"column":41}},"20":{"start":{"line":28,"column":8},"end":{"line":28,"column":25}},"21":{"start":{"line":29,"column":8},"end":{"line":29,"column":50}},"22":{"start":{"line":33,"column":0},"end":{"line":62,"column":1}},"23":{"start":{"line":34,"column":4},"end":{"line":34,"column":31}},"24":{"start":{"line":36,"column":4},"end":{"line":36,"column":26}},"25":{"start":{"line":38,"column":20},"end":{"line":47,"column":6}},"26":{"start":{"line":49,"column":4},"end":{"line":60,"column":5}},"27":{"start":{"line":50,"column":23},"end":{"line":50,"column":43}},"28":{"start":{"line":51,"column":8},"end":{"line":51,"column":44}},"29":{"start":{"line":52,"column":8},"end":{"line":52,"column":51}},"30":{"start":{"line":53,"column":8},"end":{"line":53,"column":50}},"31":{"start":{"line":54,"column":8},"end":{"line":54,"column":34}},"32":{"start":{"line":57,"column":8},"end":{"line":57,"column":42}},"33":{"start":{"line":58,"column":8},"end":{"line":58,"column":47}},"34":{"start":{"line":59,"column":8},"end":{"line":59,"column":41}},"35":{"start":{"line":64,"column":0},"end":{"line":91,"column":1}},"36":{"start":{"line":65,"column":21},"end":{"line":65,"column":40}},"37":{"start":{"line":67,"column":4},"end":{"line":67,"column":57}},"38":{"start":{"line":68,"column":23},"end":{"line":74,"column":5}},"39":{"start":{"line":76,"column":4},"end":{"line":90,"column":5}},"40":{"start":{"line":77,"column":23},"end":{"line":81,"column":9}},"41":{"start":{"line":82,"column":8},"end":{"line":82,"column":45}},"42":{"start":{"line":83,"column":8},"end":{"line":83,"column":49}},"43":{"start":{"line":84,"column":8},"end":{"line":84,"column":48}},"44":{"start":{"line":85,"column":8},"end":{"line":85,"column":50}},"45":{"start":{"line":87,"column":8},"end":{"line":87,"column":42}},"46":{"start":{"line":88,"column":8},"end":{"line":88,"column":47}},"47":{"start":{"line":89,"column":8},"end":{"line":89,"column":41}},"48":{"start":{"line":93,"column":0},"end":{"line":111,"column":1}},"49":{"start":{"line":94,"column":21},"end":{"line":94,"column":40}},"50":{"start":{"line":96,"column":4},"end":{"line":96,"column":43}},"51":{"start":{"line":98,"column":4},"end":{"line":110,"column":5}},"52":{"start":{"line":99,"column":23},"end":{"line":101,"column":9}},"53":{"start":{"line":102,"column":8},"end":{"line":102,"column":45}},"54":{"start":{"line":103,"column":8},"end":{"line":103,"column":49}},"55":{"start":{"line":104,"column":8},"end":{"line":104,"column":48}},"56":{"start":{"line":105,"column":8},"end":{"line":105,"column":60}},"57":{"start":{"line":107,"column":8},"end":{"line":107,"column":42}},"58":{"start":{"line":108,"column":8},"end":{"line":108,"column":47}},"59":{"start":{"line":109,"column":8},"end":{"line":109,"column":58}}},"fnMap":{"0":{"name":"(anonymous_0)","decl":{"start":{"line":4,"column":18},"end":{"line":4,"column":19}},"loc":{"start":{"line":4,"column":37},"end":{"line":15,"column":1}},"line":4},"1":{"name":"(anonymous_1)","decl":{"start":{"line":17,"column":18},"end":{"line":17,"column":19}},"loc":{"start":{"line":17,"column":37},"end":{"line":31,"column":1}},"line":17},"2":{"name":"(anonymous_2)","decl":{"start":{"line":33,"column":17},"end":{"line":33,"column":18}},"loc":{"start":{"line":33,"column":36},"end":{"line":62,"column":1}},"line":33},"3":{"name":"(anonymous_3)","decl":{"start":{"line":64,"column":17},"end":{"line":64,"column":18}},"loc":{"start":{"line":64,"column":36},"end":{"line":91,"column":1}},"line":64},"4":{"name":"(anonymous_4)","decl":{"start":{"line":93,"column":17},"end":{"line":93,"column":18}},"loc":{"start":{"line":93,"column":35},"end":{"line":111,"column":1}},"line":93}},"branchMap":{},"s":{"0":1,"1":1,"2":1,"3":1,"4":1,"5":1,"6":1,"7":1,"8":1,"9":0,"10":0,"11":1,"12":1,"13":1,"14":1,"15":1,"16":1,"17":1,"18":1,"19":0,"20":0,"21":0,"22":1,"23":1,"24":1,"25":1,"26":1,"27":1,"28":1,"29":1,"30":1,"31":1,"32":0,"33":0,"34":0,"35":1,"36":0,"37":0,"38":0,"39":0,"40":0,"41":0,"42":0,"43":0,"44":0,"45":0,"46":0,"47":0,"48":1,"49":0,"50":0,"51":0,"52":0,"53":0,"54":0,"55":0,"56":0,"57":0,"58":0,"59":0},"f":{"0":1,"1":1,"2":1,"3":0,"4":0},"b":{},"_coverageSchema":"1a1c01bbd47fc00a2c39e90264f33305004495a9","hash":"65802a72ac089bde8b8ff07600d3e9e5d6b753cc"}
,"C:\\Users\\Dioni\\OneDrive\\Desktop\\coding-factory5\\chapter20\\app1\\controllers\\user.products.controller.js": {"path":"C:\\Users\\Dioni\\OneDrive\\Desktop\\coding-factory5\\chapter20\\app1\\controllers\\user.products.controller.js","statementMap":{"0":{"start":{"line":1,"column":13},"end":{"line":1,"column":44}},"1":{"start":{"line":3,"column":0},"end":{"line":14,"column":1}},"2":{"start":{"line":4,"column":4},"end":{"line":4,"column":44}},"3":{"start":{"line":6,"column":4},"end":{"line":13,"column":5}},"4":{"start":{"line":7,"column":23},"end":{"line":7,"column":73}},"5":{"start":{"line":8,"column":8},"end":{"line":8,"column":45}},"6":{"start":{"line":9,"column":8},"end":{"line":9,"column":51}},"7":{"start":{"line":11,"column":8},"end":{"line":11,"column":42}},"8":{"start":{"line":12,"column":8},"end":{"line":12,"column":56}},"9":{"start":{"line":16,"column":0},"end":{"line":30,"column":1}},"10":{"start":{"line":17,"column":4},"end":{"line":17,"column":44}},"11":{"start":{"line":19,"column":21},"end":{"line":19,"column":40}},"12":{"start":{"line":20,"column":4},"end":{"line":20,"column":50}},"13":{"start":{"line":21,"column":4},"end":{"line":29,"column":5}},"14":{"start":{"line":22,"column":23},"end":{"line":23,"column":31}},"15":{"start":{"line":24,"column":8},"end":{"line":24,"column":45}},"16":{"start":{"line":25,"column":8},"end":{"line":25,"column":47}},"17":{"start":{"line":27,"column":8},"end":{"line":27,"column":42}},"18":{"start":{"line":28,"column":8},"end":{"line":28,"column":58}},"19":{"start":{"line":32,"column":0},"end":{"line":51,"column":1}},"20":{"start":{"line":33,"column":4},"end":{"line":33,"column":34}},"21":{"start":{"line":34,"column":21},"end":{"line":34,"column":38}},"22":{"start":{"line":35,"column":21},"end":{"line":35,"column":38}},"23":{"start":{"line":37,"column":4},"end":{"line":50,"column":5}},"24":{"start":{"line":38,"column":23},"end":{"line":45,"column":9}},"25":{"start":{"line":46,"column":8},"end":{"line":46,"column":44}},"26":{"start":{"line":48,"column":8},"end":{"line":48,"column":41}},"27":{"start":{"line":49,"column":8},"end":{"line":49,"column":29}},"28":{"start":{"line":53,"column":0},"end":{"line":72,"column":1}},"29":{"start":{"line":54,"column":21},"end":{"line":54,"column":40}},"30":{"start":{"line":55,"column":16},"end":{"line":55,"column":36}},"31":{"start":{"line":56,"column":21},"end":{"line":56,"column":46}},"32":{"start":{"line":57,"column":4},"end":{"line":57,"column":59}},"33":{"start":{"line":59,"column":4},"end":{"line":71,"column":5}},"34":{"start":{"line":60,"column":23},"end":{"line":67,"column":9}},"35":{"start":{"line":68,"column":8},"end":{"line":68,"column":44}},"36":{"start":{"line":70,"column":8},"end":{"line":70,"column":41}}},"fnMap":{"0":{"name":"(anonymous_0)","decl":{"start":{"line":3,"column":18},"end":{"line":3,"column":19}},"loc":{"start":{"line":3,"column":37},"end":{"line":14,"column":1}},"line":3},"1":{"name":"(anonymous_1)","decl":{"start":{"line":16,"column":18},"end":{"line":16,"column":19}},"loc":{"start":{"line":16,"column":37},"end":{"line":30,"column":1}},"line":16},"2":{"name":"(anonymous_2)","decl":{"start":{"line":32,"column":17},"end":{"line":32,"column":18}},"loc":{"start":{"line":32,"column":37},"end":{"line":51,"column":1}},"line":32},"3":{"name":"(anonymous_3)","decl":{"start":{"line":53,"column":17},"end":{"line":53,"column":18}},"loc":{"start":{"line":53,"column":37},"end":{"line":72,"column":1}},"line":53}},"branchMap":{},"s":{"0":1,"1":1,"2":0,"3":0,"4":0,"5":0,"6":0,"7":0,"8":0,"9":1,"10":0,"11":0,"12":0,"13":0,"14":0,"15":0,"16":0,"17":0,"18":0,"19":1,"20":0,"21":0,"22":0,"23":0,"24":0,"25":0,"26":0,"27":0,"28":1,"29":0,"30":0,"31":0,"32":0,"33":0,"34":0,"35":0,"36":0},"f":{"0":0,"1":0,"2":0,"3":0},"b":{},"_coverageSchema":"1a1c01bbd47fc00a2c39e90264f33305004495a9","hash":"53d7e030ff7d27f93975a19c12548fd2c35fcd92"}
,"C:\\Users\\Dioni\\OneDrive\\Desktop\\coding-factory5\\chapter20\\app1\\helpers\\user.helper.js": {"path":"C:\\Users\\Dioni\\OneDrive\\Desktop\\coding-factory5\\chapter20\\app1\\helpers\\user.helper.js","statementMap":{"0":{"start":{"line":1,"column":13},"end":{"line":1,"column":44}},"1":{"start":{"line":4,"column":4},"end":{"line":4,"column":43}},"2":{"start":{"line":6,"column":4},"end":{"line":12,"column":5}},"3":{"start":{"line":7,"column":23},"end":{"line":7,"column":67}},"4":{"start":{"line":8,"column":8},"end":{"line":8,"column":24}},"5":{"start":{"line":10,"column":8},"end":{"line":10,"column":52}},"6":{"start":{"line":11,"column":8},"end":{"line":11,"column":21}},"7":{"start":{"line":15,"column":0},"end":{"line":15,"column":41}}},"fnMap":{"0":{"name":"findLastInsertedUser","decl":{"start":{"line":3,"column":15},"end":{"line":3,"column":35}},"loc":{"start":{"line":3,"column":38},"end":{"line":13,"column":1}},"line":3}},"branchMap":{},"s":{"0":1,"1":1,"2":1,"3":1,"4":1,"5":0,"6":0,"7":1},"f":{"0":1},"b":{},"_coverageSchema":"1a1c01bbd47fc00a2c39e90264f33305004495a9","hash":"2f0d877339dd44f9d1d6a77fee35abf6134b40ef"}
,"C:\\Users\\Dioni\\OneDrive\\Desktop\\coding-factory5\\chapter20\\app1\\logger\\logger.js": {"path":"C:\\Users\\Dioni\\OneDrive\\Desktop\\coding-factory5\\chapter20\\app1\\logger\\logger.js","statementMap":{"0":{"start":{"line":1,"column":54},"end":{"line":1,"column":72}},"1":{"start":{"line":2,"column":0},"end":{"line":2,"column":37}},"2":{"start":{"line":3,"column":0},"end":{"line":3,"column":27}},"3":{"start":{"line":5,"column":0},"end":{"line":5,"column":27}},"4":{"start":{"line":7,"column":49},"end":{"line":7,"column":55}},"5":{"start":{"line":9,"column":28},"end":{"line":14,"column":2}},"6":{"start":{"line":16,"column":15},"end":{"line":65,"column":2}},"7":{"start":{"line":67,"column":0},"end":{"line":67,"column":24}}},"fnMap":{},"branchMap":{},"s":{"0":1,"1":1,"2":1,"3":1,"4":1,"5":1,"6":1,"7":1},"f":{},"b":{},"_coverageSchema":"1a1c01bbd47fc00a2c39e90264f33305004495a9","hash":"1b0de74608e2a578569a9de977c102034038fbe6"}
,"C:\\Users\\Dioni\\OneDrive\\Desktop\\coding-factory5\\chapter20\\app1\\models\\product.model.js": {"path":"C:\\Users\\Dioni\\OneDrive\\Desktop\\coding-factory5\\chapter20\\app1\\models\\product.model.js","statementMap":{"0":{"start":{"line":1,"column":17},"end":{"line":1,"column":36}},"1":{"start":{"line":3,"column":15},"end":{"line":3,"column":30}},"2":{"start":{"line":5,"column":20},"end":{"line":13,"column":2}},"3":{"start":{"line":15,"column":0},"end":{"line":15,"column":58}}},"fnMap":{},"branchMap":{},"s":{"0":1,"1":1,"2":1,"3":1},"f":{},"b":{},"_coverageSchema":"1a1c01bbd47fc00a2c39e90264f33305004495a9","hash":"3c517dc1ba9e430df62e062a086614b684d5900e"}
,"C:\\Users\\Dioni\\OneDrive\\Desktop\\coding-factory5\\chapter20\\app1\\models\\user.model.js": {"path":"C:\\Users\\Dioni\\OneDrive\\Desktop\\coding-factory5\\chapter20\\app1\\models\\user.model.js","statementMap":{"0":{"start":{"line":1,"column":17},"end":{"line":1,"column":36}},"1":{"start":{"line":2,"column":24},"end":{"line":2,"column":60}},"2":{"start":{"line":4,"column":15},"end":{"line":4,"column":30}},"3":{"start":{"line":6,"column":20},"end":{"line":9,"column":16}},"4":{"start":{"line":11,"column":18},"end":{"line":14,"column":16}},"5":{"start":{"line":16,"column":20},"end":{"line":21,"column":2}},"6":{"start":{"line":23,"column":17},"end":{"line":54,"column":2}},"7":{"start":{"line":56,"column":0},"end":{"line":56,"column":35}},"8":{"start":{"line":58,"column":0},"end":{"line":58,"column":52}}},"fnMap":{},"branchMap":{},"s":{"0":1,"1":1,"2":1,"3":1,"4":1,"5":1,"6":1,"7":1,"8":1},"f":{},"b":{},"_coverageSchema":"1a1c01bbd47fc00a2c39e90264f33305004495a9","hash":"80259607a0381829d529e6d4974d2bad817a24a7"}
,"C:\\Users\\Dioni\\OneDrive\\Desktop\\coding-factory5\\chapter20\\app1\\routes\\user.products.js": {"path":"C:\\Users\\Dioni\\OneDrive\\Desktop\\coding-factory5\\chapter20\\app1\\routes\\user.products.js","statementMap":{"0":{"start":{"line":1,"column":16},"end":{"line":1,"column":34}},"1":{"start":{"line":2,"column":15},"end":{"line":2,"column":31}},"2":{"start":{"line":4,"column":30},"end":{"line":4,"column":80}},"3":{"start":{"line":6,"column":0},"end":{"line":6,"column":47}},"4":{"start":{"line":7,"column":0},"end":{"line":7,"column":56}},"5":{"start":{"line":8,"column":0},"end":{"line":8,"column":47}},"6":{"start":{"line":9,"column":0},"end":{"line":9,"column":57}},"7":{"start":{"line":11,"column":0},"end":{"line":11,"column":24}}},"fnMap":{},"branchMap":{},"s":{"0":1,"1":1,"2":1,"3":1,"4":1,"5":1,"6":1,"7":1},"f":{},"b":{},"_coverageSchema":"1a1c01bbd47fc00a2c39e90264f33305004495a9","hash":"d67b8fdc6f10558e60cf625dca4600f8bc8afa46"}
,"C:\\Users\\Dioni\\OneDrive\\Desktop\\coding-factory5\\chapter20\\app1\\routes\\user.route.js": {"path":"C:\\Users\\Dioni\\OneDrive\\Desktop\\coding-factory5\\chapter20\\app1\\routes\\user.route.js","statementMap":{"0":{"start":{"line":1,"column":16},"end":{"line":1,"column":34}},"1":{"start":{"line":2,"column":15},"end":{"line":2,"column":31}},"2":{"start":{"line":4,"column":23},"end":{"line":4,"column":64}},"3":{"start":{"line":6,"column":0},"end":{"line":6,"column":40}},"4":{"start":{"line":7,"column":0},"end":{"line":7,"column":49}},"5":{"start":{"line":8,"column":0},"end":{"line":8,"column":40}},"6":{"start":{"line":9,"column":0},"end":{"line":9,"column":50}},"7":{"start":{"line":10,"column":0},"end":{"line":10,"column":51}},"8":{"start":{"line":12,"column":0},"end":{"line":12,"column":24}}},"fnMap":{},"branchMap":{},"s":{"0":1,"1":1,"2":1,"3":1,"4":1,"5":1,"6":1,"7":1,"8":1},"f":{},"b":{},"_coverageSchema":"1a1c01bbd47fc00a2c39e90264f33305004495a9","hash":"d3269f292d9f65fc6af631affc8454be1c0695c3"}
}
